Using pre-set license
Built from '2021.2/staging' branch; Version is '2021.2.4f1 (99ba6aa4c552) revision 10074730'; Using compiler version '192829333'; Build Type 'Release'
OS: 'Windows 10 Home; OS build 19042.1348; Version 2009; 64bit' Language: 'en' Physical Memory: 16085 MB
BatchMode: 1, IsHumanControllingUs: 0, StartBugReporterOnCrash: 0, Is64bit: 1, IsPro: 0

COMMAND LINE ARGUMENTS:
C:\Program Files\Unity\Hub\Editor\2021.2.4f1\Editor\Unity.exe
-adb2
-batchMode
-noUpm
-name
AssetImportWorker0
-projectPath
C:/Users/Josh/Planet Zog
-logFile
Logs/AssetImportWorker0.log
-srvPort
52945
Successfully changed project path to: C:/Users/Josh/Planet Zog
C:/Users/Josh/Planet Zog
[UnityMemory] Configuration Parameters - Can be set up in boot.config
    "memorysetup-bucket-allocator-granularity=16"
    "memorysetup-bucket-allocator-bucket-count=8"
    "memorysetup-bucket-allocator-block-size=33554432"
    "memorysetup-bucket-allocator-block-count=8"
    "memorysetup-main-allocator-block-size=16777216"
    "memorysetup-thread-allocator-block-size=16777216"
    "memorysetup-gfx-main-allocator-block-size=16777216"
    "memorysetup-gfx-thread-allocator-block-size=16777216"
    "memorysetup-cache-allocator-block-size=4194304"
    "memorysetup-typetree-allocator-block-size=2097152"
    "memorysetup-profiler-bucket-allocator-granularity=16"
    "memorysetup-profiler-bucket-allocator-bucket-count=8"
    "memorysetup-profiler-bucket-allocator-block-size=33554432"
    "memorysetup-profiler-bucket-allocator-block-count=8"
    "memorysetup-profiler-allocator-block-size=16777216"
    "memorysetup-profiler-editor-allocator-block-size=1048576"
    "memorysetup-temp-allocator-size-main=16777216"
    "memorysetup-job-temp-allocator-block-size=2097152"
    "memorysetup-job-temp-allocator-block-size-background=1048576"
    "memorysetup-job-temp-allocator-reduction-small-platforms=262144"
    "memorysetup-temp-allocator-size-background-worker=32768"
    "memorysetup-temp-allocator-size-job-worker=262144"
    "memorysetup-temp-allocator-size-preload-manager=33554432"
    "memorysetup-temp-allocator-size-nav-mesh-worker=65536"
    "memorysetup-temp-allocator-size-audio-worker=65536"
    "memorysetup-temp-allocator-size-cloud-worker=32768"
    "memorysetup-temp-allocator-size-gi-baking-worker=262144"
    "memorysetup-temp-allocator-size-gfx=262144"
Refreshing native plugins compatible for Editor in 91.10 ms, found 3 plugins.
Preloading 0 native plugins for Editor in 0.00 ms.
Initialize engine version: 2021.2.4f1 (99ba6aa4c552)
[Subsystems] Discovering subsystems at path C:/Program Files/Unity/Hub/Editor/2021.2.4f1/Editor/Data/Resources/UnitySubsystems
[Subsystems] Discovering subsystems at path C:/Users/Josh/Planet Zog/Assets
GfxDevice: creating device client; threaded=0; jobified=0
Direct3D:
    Version:  Direct3D 11.0 [level 11.1]
    Renderer: NVIDIA GeForce RTX 3060 Laptop GPU (ID=0x2520)
    Vendor:   NVIDIA
    VRAM:     6023 MB
    Driver:   30.0.14.9649
Initialize mono
Mono path[0] = 'C:/Program Files/Unity/Hub/Editor/2021.2.4f1/Editor/Data/Managed'
Mono path[1] = 'C:/Program Files/Unity/Hub/Editor/2021.2.4f1/Editor/Data/MonoBleedingEdge/lib/mono/unityjit-win32'
Mono config path = 'C:/Program Files/Unity/Hub/Editor/2021.2.4f1/Editor/Data/MonoBleedingEdge/etc'
Using monoOptions --debugger-agent=transport=dt_socket,embedding=1,server=y,suspend=n,address=127.0.0.1:56268
Begin MonoManager ReloadAssembly
Registering precompiled unity dll's ...
Register platform support module: C:/Program Files/Unity/Hub/Editor/2021.2.4f1/Editor/Data/PlaybackEngines/WindowsStandaloneSupport/UnityEditor.WindowsStandalone.Extensions.dll
Registered in 0.008223 seconds.
Native extension for WindowsStandalone target not found
Refreshing native plugins compatible for Editor in 96.56 ms, found 3 plugins.
Preloading 0 native plugins for Editor in 0.00 ms.
Mono: successfully reloaded assembly
- Completed reload, in  0.649 seconds
Domain Reload Profiling:
	ReloadAssembly (650ms)
		BeginReloadAssembly (74ms)
			ExecutionOrderSort (0ms)
			DisableScriptedObjects (0ms)
			BackupInstance (0ms)
			ReleaseScriptingObjects (0ms)
			CreateAndSetChildDomain (1ms)
		EndReloadAssembly (493ms)
			LoadAssemblies (72ms)
			RebuildTransferFunctionScriptingTraits (0ms)
			SetupTypeCache (104ms)
			ReleaseScriptCaches (0ms)
			RebuildScriptCaches (27ms)
			SetupLoadedEditorAssemblies (309ms)
				LogAssemblyErrors (0ms)
				InitializePlatformSupportModulesInManaged (17ms)
				SetLoadedEditorAssemblies (0ms)
				RefreshPlugins (97ms)
				BeforeProcessingInitializeOnLoad (1ms)
				ProcessInitializeOnLoadAttributes (146ms)
				ProcessInitializeOnLoadMethodAttributes (48ms)
				AfterProcessingInitializeOnLoad (0ms)
				EditorAssembliesLoaded (0ms)
			ExecutionOrderSort2 (0ms)
			AwakeInstancesAfterBackupRestoration (0ms)
Platform modules already initialized, skipping
Registering precompiled user dll's ...
Registered in 0.007366 seconds.
Begin MonoManager ReloadAssembly
Symbol file LoadedFromMemory doesn't match image C:\Users\Josh\Planet Zog\Library\PackageCache\com.unity.visualscripting@1.7.5\Editor\VisualScripting.Core\Dependencies\YamlDotNet\Unity.VisualScripting.YamlDotNet.dll
Symbol file LoadedFromMemory doesn't match image C:\Users\Josh\Planet Zog\Library\PackageCache\com.unity.visualscripting@1.7.5\Editor\VisualScripting.Core\Dependencies\DotNetZip\Unity.VisualScripting.IonicZip.dll
Native extension for WindowsStandalone target not found
Refreshing native plugins compatible for Editor in 0.55 ms, found 3 plugins.
Preloading 0 native plugins for Editor in 0.00 ms.
Mono: successfully reloaded assembly
- Completed reload, in  1.241 seconds
Domain Reload Profiling:
	ReloadAssembly (1241ms)
		BeginReloadAssembly (172ms)
			ExecutionOrderSort (0ms)
			DisableScriptedObjects (6ms)
			BackupInstance (0ms)
			ReleaseScriptingObjects (0ms)
			CreateAndSetChildDomain (18ms)
		EndReloadAssembly (963ms)
			LoadAssemblies (87ms)
			RebuildTransferFunctionScriptingTraits (0ms)
			SetupTypeCache (302ms)
			ReleaseScriptCaches (1ms)
			RebuildScriptCaches (60ms)
			SetupLoadedEditorAssemblies (420ms)
				LogAssemblyErrors (0ms)
				InitializePlatformSupportModulesInManaged (12ms)
				SetLoadedEditorAssemblies (0ms)
				RefreshPlugins (1ms)
				BeforeProcessingInitializeOnLoad (95ms)
				ProcessInitializeOnLoadAttributes (281ms)
				ProcessInitializeOnLoadMethodAttributes (23ms)
				AfterProcessingInitializeOnLoad (8ms)
				EditorAssembliesLoaded (0ms)
			ExecutionOrderSort2 (0ms)
			AwakeInstancesAfterBackupRestoration (5ms)
Platform modules already initialized, skipping
========================================================================
Worker process is ready to serve import requests
Launched and connected shader compiler UnityShaderCompiler.exe after 0.05 seconds
Refreshing native plugins compatible for Editor in 0.94 ms, found 3 plugins.
Preloading 0 native plugins for Editor in 0.00 ms.
Unloading 3508 Unused Serialized files (Serialized files now loaded: 0)
Unloading 52 unused Assets / (1.4 MB). Loaded Objects now: 3956.
Memory consumption went from 134.4 MB to 133.0 MB.
Total: 4.288700 ms (FindLiveObjects: 0.321700 ms CreateObjectMapping: 0.247400 ms MarkObjects: 3.314900 ms  DeleteObjects: 0.403200 ms)

AssetImportParameters requested are different than current active one (requested -> active):
  custom:video-decoder-ogg-theora: a1e56fd34408186e4bbccfd4996cb3dc -> 
  custom:container-muxer-webm: aa71ff27fc2769a1b78a27578f13a17b -> 
  custom:container-demuxer-webm: 4f35f7cbe854078d1ac9338744f61a02 -> 
  custom:video-encoder-webm-vp8: eb34c28f22e8b96e1ab97ce403110664 -> 
  custom:audio-encoder-webm-vorbis: bf7c407c2cedff20999df2af8eb42d56 -> 
  custom:framework-win-MediaFoundation: 216162199b28c13a410421893ffa2e32 -> 
  custom:container-demuxer-ogg: 62fdf1f143b41e24485cea50d1cbac27 -> 
  custom:video-decoder-webm-vp8: 9c59270c3fd7afecdb556c50c9e8de78 -> 
  custom:audio-decoder-ogg-vorbis: bf7c407c2cedff20999df2af8eb42d56 -> 
========================================================================
Received Import Request.
  Time since last request: 58867.377651 seconds.
  path: Assets/Scenes/Level1_Profiles/PostProcessing Profile.asset
  artifactKey: Guid(abe96e59eb86c2a46b0a474aa2fda68c) Importer(815301076,1909f56bfc062723c751e8b465ee728b)
Start importing Assets/Scenes/Level1_Profiles/PostProcessing Profile.asset using Guid(abe96e59eb86c2a46b0a474aa2fda68c) Importer(815301076,1909f56bfc062723c751e8b465ee728b)  -> (artifact id: '1414d47df39dce475f3da0be88d6f633') in 0.056059 seconds 
========================================================================
Received Import Request.
  Time since last request: 0.000024 seconds.
  path: Assets/Scenes/Level1_Profiles
  artifactKey: Guid(dc4bf21ad2d37944fbd2320f59df7563) Importer(815301076,1909f56bfc062723c751e8b465ee728b)
Start importing Assets/Scenes/Level1_Profiles using Guid(dc4bf21ad2d37944fbd2320f59df7563) Importer(815301076,1909f56bfc062723c751e8b465ee728b)  -> (artifact id: '10e82de7e8d8ebab1ae761245f20a007') in 0.003177 seconds 
========================================================================
Received Import Request.
  Time since last request: 0.176540 seconds.
  path: Assets/Scenes/Level1.unity
  artifactKey: Guid(7983da89e63b32244881bc6cbf05e8bb) Importer(815301076,1909f56bfc062723c751e8b465ee728b)
Start importing Assets/Scenes/Level1.unity using Guid(7983da89e63b32244881bc6cbf05e8bb) Importer(815301076,1909f56bfc062723c751e8b465ee728b)  -> (artifact id: '70565309e6e723ead70d2ca0ae070290') in 0.003787 seconds 
========================================================================
Received Import Request.
  Time since last request: 366.323047 seconds.
  path: Assets/Prefabs/crystal_01.prefab
  artifactKey: Guid(9cf4c2a6fda934689a54f304efc01674) Importer(815301076,1909f56bfc062723c751e8b465ee728b)
Start importing Assets/Prefabs/crystal_01.prefab using Guid(9cf4c2a6fda934689a54f304efc01674) Importer(815301076,1909f56bfc062723c751e8b465ee728b)  -> (artifact id: '44648b60b4a44f20d6f1910f541a8bd9') in 0.108665 seconds 
========================================================================
Received Import Request.
  Time since last request: 3.616868 seconds.
  path: Assets/Stylized Crystal/Mesh/Materials/crystal_17_2.mat
  artifactKey: Guid(a0f91f34ae2cd6f4d80819a53b2c9b03) Importer(815301076,1909f56bfc062723c751e8b465ee728b)
Start importing Assets/Stylized Crystal/Mesh/Materials/crystal_17_2.mat using Guid(a0f91f34ae2cd6f4d80819a53b2c9b03) Importer(815301076,1909f56bfc062723c751e8b465ee728b)  -> (artifact id: '9fb645b8d495589873338bdea5f2fe89') in 0.046685 seconds 
========================================================================
Received Import Request.
  Time since last request: 2.937316 seconds.
  path: Assets/Prefabs/crystal_01.prefab
  artifactKey: Guid(9cf4c2a6fda934689a54f304efc01674) Importer(815301076,1909f56bfc062723c751e8b465ee728b)
Start importing Assets/Prefabs/crystal_01.prefab using Guid(9cf4c2a6fda934689a54f304efc01674) Importer(815301076,1909f56bfc062723c751e8b465ee728b)  -> (artifact id: 'f173b333434842bc77ee4632d2d7c6e5') in 0.018232 seconds 
========================================================================
Received Import Request.
  Time since last request: 2.144430 seconds.
  path: Assets/Prefabs/crystal_01.prefab
  artifactKey: Guid(9cf4c2a6fda934689a54f304efc01674) Importer(815301076,1909f56bfc062723c751e8b465ee728b)
Start importing Assets/Prefabs/crystal_01.prefab using Guid(9cf4c2a6fda934689a54f304efc01674) Importer(815301076,1909f56bfc062723c751e8b465ee728b)  -> (artifact id: '6d0cd2701762b5243e05bdd3ecc128a3') in 0.022808 seconds 
========================================================================
Received Import Request.
  Time since last request: 1.677952 seconds.
  path: Assets/Prefabs/crystal_01.prefab
  artifactKey: Guid(9cf4c2a6fda934689a54f304efc01674) Importer(815301076,1909f56bfc062723c751e8b465ee728b)
Start importing Assets/Prefabs/crystal_01.prefab using Guid(9cf4c2a6fda934689a54f304efc01674) Importer(815301076,1909f56bfc062723c751e8b465ee728b)  -> (artifact id: '6c452450567cea25db4edbb593ec1e5e') in 0.017251 seconds 
========================================================================
Received Import Request.
  Time since last request: 0.636796 seconds.
  path: Assets/Prefabs/crystal_01.prefab
  artifactKey: Guid(9cf4c2a6fda934689a54f304efc01674) Importer(815301076,1909f56bfc062723c751e8b465ee728b)
Start importing Assets/Prefabs/crystal_01.prefab using Guid(9cf4c2a6fda934689a54f304efc01674) Importer(815301076,1909f56bfc062723c751e8b465ee728b)  -> (artifact id: '2a35252897a5f1bcb67444f20d62e14c') in 0.018972 seconds 
========================================================================
Received Import Request.
  Time since last request: 7.402489 seconds.
  path: Assets/Prefabs/crystal_01.prefab
  artifactKey: Guid(9cf4c2a6fda934689a54f304efc01674) Importer(815301076,1909f56bfc062723c751e8b465ee728b)
Start importing Assets/Prefabs/crystal_01.prefab using Guid(9cf4c2a6fda934689a54f304efc01674) Importer(815301076,1909f56bfc062723c751e8b465ee728b)  -> (artifact id: '31d0456b4a28677b2b6687897b0f2a60') in 0.027052 seconds 
========================================================================
Received Import Request.
  Time since last request: 72.484494 seconds.
  path: Assets/Prefabs/crystal_01.prefab
  artifactKey: Guid(9cf4c2a6fda934689a54f304efc01674) Importer(815301076,1909f56bfc062723c751e8b465ee728b)
Start importing Assets/Prefabs/crystal_01.prefab using Guid(9cf4c2a6fda934689a54f304efc01674) Importer(815301076,1909f56bfc062723c751e8b465ee728b)  -> (artifact id: '1c0c571e3d2bf9e150093ddf05331d43') in 0.028708 seconds 
========================================================================
Received Import Request.
  Time since last request: 201.095949 seconds.
  path: Assets/Prefabs/Enviroment Prefabs/CrystalBunch.prefab
  artifactKey: Guid(91e74d0a167cc814a96238fdf2b9ab6e) Importer(815301076,1909f56bfc062723c751e8b465ee728b)
Start importing Assets/Prefabs/Enviroment Prefabs/CrystalBunch.prefab using Guid(91e74d0a167cc814a96238fdf2b9ab6e) Importer(815301076,1909f56bfc062723c751e8b465ee728b)  -> (artifact id: '83d1f93cc1976e7231d22d3c1675123f') in 0.021545 seconds 
========================================================================
Received Import Request.
  Time since last request: 0.000026 seconds.
  path: Assets/Prefabs/Enviroment Prefabs/CrystalTripleSpikeWithRock.prefab
  artifactKey: Guid(de8d9d7582f390748932f272cb39663b) Importer(815301076,1909f56bfc062723c751e8b465ee728b)
Start importing Assets/Prefabs/Enviroment Prefabs/CrystalTripleSpikeWithRock.prefab using Guid(de8d9d7582f390748932f272cb39663b) Importer(815301076,1909f56bfc062723c751e8b465ee728b)  -> (artifact id: '85fbc9bd157c45d95f8f5b0369fb7347') in 0.033359 seconds 
========================================================================
Received Import Request.
  Time since last request: 248.956428 seconds.
  path: Assets/Prefabs/Enviroment Prefabs/CrystalVWithRock.prefab
  artifactKey: Guid(897f575f9f9417a478329b1f77bc0046) Importer(815301076,1909f56bfc062723c751e8b465ee728b)
Start importing Assets/Prefabs/Enviroment Prefabs/CrystalVWithRock.prefab using Guid(897f575f9f9417a478329b1f77bc0046) Importer(815301076,1909f56bfc062723c751e8b465ee728b)  -> (artifact id: '299f30dac9b7babae284a48ff5f4098a') in 0.027200 seconds 
========================================================================
Received Import Request.
  Time since last request: 406.613095 seconds.
  path: Assets/Prefabs/Enviroment Prefabs/CrystalBunch.prefab
  artifactKey: Guid(91e74d0a167cc814a96238fdf2b9ab6e) Importer(815301076,1909f56bfc062723c751e8b465ee728b)
Start importing Assets/Prefabs/Enviroment Prefabs/CrystalBunch.prefab using Guid(91e74d0a167cc814a96238fdf2b9ab6e) Importer(815301076,1909f56bfc062723c751e8b465ee728b)  -> (artifact id: 'd34ebdada8c1abc788c338e0e7e36d6e') in 0.038046 seconds 
========================================================================
Received Import Request.
  Time since last request: 0.000026 seconds.
  path: Assets/Prefabs/Enviroment Prefabs/CrystalTripleSpikeWithRock.prefab
  artifactKey: Guid(de8d9d7582f390748932f272cb39663b) Importer(815301076,1909f56bfc062723c751e8b465ee728b)
Start importing Assets/Prefabs/Enviroment Prefabs/CrystalTripleSpikeWithRock.prefab using Guid(de8d9d7582f390748932f272cb39663b) Importer(815301076,1909f56bfc062723c751e8b465ee728b)  -> (artifact id: '2821bf90652416946288c496775e1342') in 0.062319 seconds 
========================================================================
Received Prepare
Registering precompiled user dll's ...
Registered in 0.006012 seconds.
Begin MonoManager ReloadAssembly
Symbol file LoadedFromMemory doesn't match image C:\Users\Josh\Planet Zog\Library\PackageCache\com.unity.visualscripting@1.7.5\Editor\VisualScripting.Core\Dependencies\YamlDotNet\Unity.VisualScripting.YamlDotNet.dll
Symbol file LoadedFromMemory doesn't match image C:\Users\Josh\Planet Zog\Library\PackageCache\com.unity.visualscripting@1.7.5\Editor\VisualScripting.Core\Dependencies\DotNetZip\Unity.VisualScripting.IonicZip.dll
Native extension for WindowsStandalone target not found
Refreshing native plugins compatible for Editor in 1.21 ms, found 3 plugins.
Preloading 0 native plugins for Editor in 0.00 ms.
Mono: successfully reloaded assembly
- Completed reload, in  1.337 seconds
Domain Reload Profiling:
	ReloadAssembly (1338ms)
		BeginReloadAssembly (137ms)
			ExecutionOrderSort (0ms)
			DisableScriptedObjects (4ms)
			BackupInstance (0ms)
			ReleaseScriptingObjects (0ms)
			CreateAndSetChildDomain (39ms)
		EndReloadAssembly (1117ms)
			LoadAssemblies (73ms)
			RebuildTransferFunctionScriptingTraits (0ms)
			SetupTypeCache (252ms)
			ReleaseScriptCaches (2ms)
			RebuildScriptCaches (55ms)
			SetupLoadedEditorAssemblies (473ms)
				LogAssemblyErrors (0ms)
				InitializePlatformSupportModulesInManaged (18ms)
				SetLoadedEditorAssemblies (1ms)
				RefreshPlugins (1ms)
				BeforeProcessingInitializeOnLoad (92ms)
				ProcessInitializeOnLoadAttributes (315ms)
				ProcessInitializeOnLoadMethodAttributes (33ms)
				AfterProcessingInitializeOnLoad (12ms)
				EditorAssembliesLoaded (0ms)
			ExecutionOrderSort2 (0ms)
			AwakeInstancesAfterBackupRestoration (6ms)
Platform modules already initialized, skipping
Refreshing native plugins compatible for Editor in 0.84 ms, found 3 plugins.
Preloading 0 native plugins for Editor in 0.00 ms.
Unloading 3473 Unused Serialized files (Serialized files now loaded: 0)
Unloading 36 unused Assets / (1.4 MB). Loaded Objects now: 4010.
Memory consumption went from 135.9 MB to 134.5 MB.
Total: 3.052400 ms (FindLiveObjects: 0.347200 ms CreateObjectMapping: 0.125800 ms MarkObjects: 2.337300 ms  DeleteObjects: 0.240600 ms)

AssetImportParameters requested are different than current active one (requested -> active):
  custom:video-decoder-ogg-theora: a1e56fd34408186e4bbccfd4996cb3dc -> 
  custom:container-muxer-webm: aa71ff27fc2769a1b78a27578f13a17b -> 
  custom:container-demuxer-webm: 4f35f7cbe854078d1ac9338744f61a02 -> 
  custom:video-encoder-webm-vp8: eb34c28f22e8b96e1ab97ce403110664 -> 
  custom:audio-encoder-webm-vorbis: bf7c407c2cedff20999df2af8eb42d56 -> 
  custom:framework-win-MediaFoundation: 216162199b28c13a410421893ffa2e32 -> 
  custom:container-demuxer-ogg: 62fdf1f143b41e24485cea50d1cbac27 -> 
  custom:video-decoder-webm-vp8: 9c59270c3fd7afecdb556c50c9e8de78 -> 
  custom:audio-decoder-ogg-vorbis: bf7c407c2cedff20999df2af8eb42d56 -> 
========================================================================
Received Import Request.
  Time since last request: 104.977549 seconds.
  path: Assets/Prefabs/Prototyping Prefabs/Ground.prefab
  artifactKey: Guid(c11d61e9f50ff3345b2a76477e287cd2) Importer(815301076,1909f56bfc062723c751e8b465ee728b)
Start importing Assets/Prefabs/Prototyping Prefabs/Ground.prefab using Guid(c11d61e9f50ff3345b2a76477e287cd2) Importer(815301076,1909f56bfc062723c751e8b465ee728b)  -> (artifact id: 'd17472c3aefbeef95b12f67bb6bf56e8') in 0.103884 seconds 
========================================================================
Received Import Request.
  Time since last request: 1.495828 seconds.
  path: Assets/Prefabs/crystal_01.prefab
  artifactKey: Guid(9cf4c2a6fda934689a54f304efc01674) Importer(815301076,1909f56bfc062723c751e8b465ee728b)
Start importing Assets/Prefabs/crystal_01.prefab using Guid(9cf4c2a6fda934689a54f304efc01674) Importer(815301076,1909f56bfc062723c751e8b465ee728b)  -> (artifact id: 'b879b47b4d657f8cf4f73e8ec59ebc0d') in 0.019722 seconds 
========================================================================
Received Import Request.
  Time since last request: 29.342844 seconds.
  path: Assets/Fantasy Forest Environment Free Sample/Scenes/assets.unity
  artifactKey: Guid(a143ab047b99a124ca579bc8e0366cd3) Importer(815301076,1909f56bfc062723c751e8b465ee728b)
Start importing Assets/Fantasy Forest Environment Free Sample/Scenes/assets.unity using Guid(a143ab047b99a124ca579bc8e0366cd3) Importer(815301076,1909f56bfc062723c751e8b465ee728b)  -> (artifact id: '9be4638fe1d760b9a9d5302e8bf8170c') in 0.002805 seconds 
========================================================================
Received Import Request.
  Time since last request: 11.558092 seconds.
  path: Assets/Fantasy Forest Environment Free Sample/Scenes
  artifactKey: Guid(62872d07d188c1c40b0a8f51ce5f5d60) Importer(815301076,1909f56bfc062723c751e8b465ee728b)
Start importing Assets/Fantasy Forest Environment Free Sample/Scenes using Guid(62872d07d188c1c40b0a8f51ce5f5d60) Importer(815301076,1909f56bfc062723c751e8b465ee728b)  -> (artifact id: 'd9257aa50c74e2cf23d3e7a3a5ef5f71') in 0.002491 seconds 
========================================================================
Received Import Request.
  Time since last request: 39.527151 seconds.
  path: Assets/Meshes/grass01.FBX
  artifactKey: Guid(4de33cfabd2a0a64caa7f20596f00adf) Importer(815301076,1909f56bfc062723c751e8b465ee728b)
Start importing Assets/Meshes/grass01.FBX using Guid(4de33cfabd2a0a64caa7f20596f00adf) Importer(815301076,1909f56bfc062723c751e8b465ee728b)  -> (artifact id: '39fda3e9afbeb0b19ebb21c88781df4a') in 0.040087 seconds 
========================================================================
Received Import Request.
  Time since last request: 2.695123 seconds.
  path: Assets/Stylized Crystal/Mesh/crystal_17_2.fbx
  artifactKey: Guid(4d7cc98ae5cab2947a8d9fa3c15e4fa8) Importer(815301076,1909f56bfc062723c751e8b465ee728b)
Start importing Assets/Stylized Crystal/Mesh/crystal_17_2.fbx using Guid(4d7cc98ae5cab2947a8d9fa3c15e4fa8) Importer(815301076,1909f56bfc062723c751e8b465ee728b)  -> (artifact id: '4bfec4b40d949ca52ed5a9a949cdcb37') in 0.016130 seconds 
========================================================================
Received Import Request.
  Time since last request: 4.202405 seconds.
  path: Assets/Stylized Crystal/Prefab/crystal_17_2.prefab
  artifactKey: Guid(465c505844950da499dcf096a6da4409) Importer(815301076,1909f56bfc062723c751e8b465ee728b)
Start importing Assets/Stylized Crystal/Prefab/crystal_17_2.prefab using Guid(465c505844950da499dcf096a6da4409) Importer(815301076,1909f56bfc062723c751e8b465ee728b)  -> (artifact id: '5511e6f97259a00c09c157bd50c74277') in 0.020880 seconds 
========================================================================
Received Import Request.
  Time since last request: 6.114160 seconds.
  path: Assets/Stylized Crystal/Mesh/Materials
  artifactKey: Guid(21e2df665eb8b834da04ec638377cb31) Importer(815301076,1909f56bfc062723c751e8b465ee728b)
Start importing Assets/Stylized Crystal/Mesh/Materials using Guid(21e2df665eb8b834da04ec638377cb31) Importer(815301076,1909f56bfc062723c751e8b465ee728b)  -> (artifact id: '7e546f61531debfdbf7297fcaf0b2ef2') in 0.002206 seconds 
========================================================================
Received Import Request.
  Time since last request: 0.081549 seconds.
  path: Assets/Stylized Crystal/Mesh/Materials/crystal_17_2.mat
  artifactKey: Guid(a0f91f34ae2cd6f4d80819a53b2c9b03) Importer(815301076,1909f56bfc062723c751e8b465ee728b)
Start importing Assets/Stylized Crystal/Mesh/Materials/crystal_17_2.mat using Guid(a0f91f34ae2cd6f4d80819a53b2c9b03) Importer(815301076,1909f56bfc062723c751e8b465ee728b)  -> (artifact id: '4878409423d3f371158624d60c91a247') in 0.025433 seconds 
========================================================================
Received Import Request.
  Time since last request: 6.608028 seconds.
  path: Assets/Stylized Crystal/Texture
  artifactKey: Guid(bbbeec8a69534044bba90a08368e2de8) Importer(815301076,1909f56bfc062723c751e8b465ee728b)
Start importing Assets/Stylized Crystal/Texture using Guid(bbbeec8a69534044bba90a08368e2de8) Importer(815301076,1909f56bfc062723c751e8b465ee728b)  -> (artifact id: 'ea265b0bbea6c4e0da99cdf6b99cb886') in 0.002393 seconds 
========================================================================
Received Import Request.
  Time since last request: 0.059768 seconds.
  path: Assets/Stylized Crystal/Texture/crystal_17_2.png
  artifactKey: Guid(6f719c3bb48788e439c27891aa28f61f) Importer(815301076,1909f56bfc062723c751e8b465ee728b)
Start importing Assets/Stylized Crystal/Texture/crystal_17_2.png using Guid(6f719c3bb48788e439c27891aa28f61f) Importer(815301076,1909f56bfc062723c751e8b465ee728b)  -> (artifact id: '8798f85df4ade94bef32edb855ff9c7f') in 0.027382 seconds 
========================================================================
Received Import Request.
  Time since last request: 23.797633 seconds.
  path: Assets/Stylized Crystal/Mesh
  artifactKey: Guid(af4702efc5481f740a746df508b49aaf) Importer(815301076,1909f56bfc062723c751e8b465ee728b)
Start importing Assets/Stylized Crystal/Mesh using Guid(af4702efc5481f740a746df508b49aaf) Importer(815301076,1909f56bfc062723c751e8b465ee728b)  -> (artifact id: 'e093c9804bfbdc0bae664166a0e0ee22') in 0.002215 seconds 
========================================================================
Received Import Request.
  Time since last request: 35.038788 seconds.
  path: Assets/Materials/Shaders
  artifactKey: Guid(2d7ee93609236de4f9840fdbc47b33f2) Importer(815301076,1909f56bfc062723c751e8b465ee728b)
Start importing Assets/Materials/Shaders using Guid(2d7ee93609236de4f9840fdbc47b33f2) Importer(815301076,1909f56bfc062723c751e8b465ee728b)  -> (artifact id: 'da5d7f1c271994fc98cd8b47e1aa0027') in 0.002041 seconds 
========================================================================
Received Import Request.
  Time since last request: 40.056918 seconds.
  path: Assets/Stylized Mushroom/demoSettings.lighting
  artifactKey: Guid(f82b4eaee7718d74bbd3c3065fe56f92) Importer(815301076,1909f56bfc062723c751e8b465ee728b)
Start importing Assets/Stylized Mushroom/demoSettings.lighting using Guid(f82b4eaee7718d74bbd3c3065fe56f92) Importer(815301076,1909f56bfc062723c751e8b465ee728b) LightingSettings: switching bake backend from 1 to 0.
 -> (artifact id: '17d282ce1ec3f7df0b29ab08c5f6995b') in 0.007498 seconds 
========================================================================
Received Import Request.
  Time since last request: 9.514302 seconds.
  path: Assets/Fantasy Forest Environment Free Sample/StandardNoCulling.shader
  artifactKey: Guid(717bc8f73d5aea64caef02a0c07b1e3a) Importer(815301076,1909f56bfc062723c751e8b465ee728b)
Start importing Assets/Fantasy Forest Environment Free Sample/StandardNoCulling.shader using Guid(717bc8f73d5aea64caef02a0c07b1e3a) Importer(815301076,1909f56bfc062723c751e8b465ee728b)  -> (artifact id: 'e0a36e939224c1a7e6f141a1bf1f1720') in 0.003550 seconds 
========================================================================
Received Import Request.
  Time since last request: 9.700483 seconds.
  path: Assets/_TerrainAutoUpgrade/layer_dirt01b3407d0e55802f81.terrainlayer
  artifactKey: Guid(af38d6764f2ca0d4080a4f47783948d5) Importer(815301076,1909f56bfc062723c751e8b465ee728b)
Start importing Assets/_TerrainAutoUpgrade/layer_dirt01b3407d0e55802f81.terrainlayer using Guid(af38d6764f2ca0d4080a4f47783948d5) Importer(815301076,1909f56bfc062723c751e8b465ee728b)  -> (artifact id: '04407c0763c417cd2752a4a1c7f24874') in 0.014866 seconds 
========================================================================
Received Import Request.
  Time since last request: 0.000020 seconds.
  path: Assets/_TerrainAutoUpgrade/layer_grass01b3407d0e55802f81.terrainlayer
  artifactKey: Guid(3eafe74076ee1014880e55b074fce849) Importer(815301076,1909f56bfc062723c751e8b465ee728b)
Start importing Assets/_TerrainAutoUpgrade/layer_grass01b3407d0e55802f81.terrainlayer using Guid(3eafe74076ee1014880e55b074fce849) Importer(815301076,1909f56bfc062723c751e8b465ee728b)  -> (artifact id: '5c7bad326e5b4aa9657a46300ff4477a') in 0.016476 seconds 
========================================================================
Received Import Request.
  Time since last request: 22.760020 seconds.
  path: Assets/Materials/Textures
  artifactKey: Guid(9fcce063c50b58049b8c0bb17dc31ac4) Importer(815301076,1909f56bfc062723c751e8b465ee728b)
Start importing Assets/Materials/Textures using Guid(9fcce063c50b58049b8c0bb17dc31ac4) Importer(815301076,1909f56bfc062723c751e8b465ee728b)  -> (artifact id: '9b4e5f4b943613faac09de4d0e12b839') in 0.002779 seconds 
========================================================================
Received Import Request.
  Time since last request: 11.161357 seconds.
  path: Assets/Materials/SkyBoxes
  artifactKey: Guid(5ffdbcb8bba99784eb63a277eaceb8ed) Importer(815301076,1909f56bfc062723c751e8b465ee728b)
Start importing Assets/Materials/SkyBoxes using Guid(5ffdbcb8bba99784eb63a277eaceb8ed) Importer(815301076,1909f56bfc062723c751e8b465ee728b)  -> (artifact id: 'df0ef6d10114718bb68b1d88bea22c7d') in 0.002487 seconds 
========================================================================
Received Import Request.
  Time since last request: 13.341679 seconds.
  path: Assets/Packages/Customizable Skybox/Materials/earth.mat
  artifactKey: Guid(ef6223db6cd2fd94481bcb5ce352cc30) Importer(815301076,1909f56bfc062723c751e8b465ee728b)
Start importing Assets/Packages/Customizable Skybox/Materials/earth.mat using Guid(ef6223db6cd2fd94481bcb5ce352cc30) Importer(815301076,1909f56bfc062723c751e8b465ee728b)  -> (artifact id: '17d4d34e33712a0778deccfe4f560aac') in 0.020396 seconds 
========================================================================
Received Import Request.
  Time since last request: 0.000019 seconds.
  path: Assets/Packages/Customizable Skybox/Materials/Material.003.mat
  artifactKey: Guid(a4b1c9205184ab7479ebcb6d01e9bdaa) Importer(815301076,1909f56bfc062723c751e8b465ee728b)
Start importing Assets/Packages/Customizable Skybox/Materials/Material.003.mat using Guid(a4b1c9205184ab7479ebcb6d01e9bdaa) Importer(815301076,1909f56bfc062723c751e8b465ee728b)  -> (artifact id: '16b9a801bc754162c62db783c985580d') in 0.015348 seconds 
========================================================================
Received Import Request.
  Time since last request: 0.000025 seconds.
  path: Assets/Packages/Customizable Skybox/Materials/pine tree green.mat
  artifactKey: Guid(471bbc61de2af0a47bd80da0aacc49dc) Importer(815301076,1909f56bfc062723c751e8b465ee728b)
Start importing Assets/Packages/Customizable Skybox/Materials/pine tree green.mat using Guid(471bbc61de2af0a47bd80da0aacc49dc) Importer(815301076,1909f56bfc062723c751e8b465ee728b)  -> (artifact id: '4ddfeda58d9f6cf558db4bddbd3ba7b1') in 0.013295 seconds 
========================================================================
Received Import Request.
  Time since last request: 27.180342 seconds.
  path: Assets/Packages/Customizable Skybox/Scenes/DemoScene.unity
  artifactKey: Guid(1811a0c822d2a6c45b5d1435bf7d07d2) Importer(815301076,1909f56bfc062723c751e8b465ee728b)
Start importing Assets/Packages/Customizable Skybox/Scenes/DemoScene.unity using Guid(1811a0c822d2a6c45b5d1435bf7d07d2) Importer(815301076,1909f56bfc062723c751e8b465ee728b)  -> (artifact id: 'ec41525955ada458c37a5a20281ff972') in 0.002623 seconds 
========================================================================
Received Import Request.
  Time since last request: 4.456926 seconds.
  path: Assets/Packages/Customizable Skybox/Customizable Skybox Documentaion.pdf
  artifactKey: Guid(631feaddbe683ed4383934ae4201e481) Importer(815301076,1909f56bfc062723c751e8b465ee728b)
Start importing Assets/Packages/Customizable Skybox/Customizable Skybox Documentaion.pdf using Guid(631feaddbe683ed4383934ae4201e481) Importer(815301076,1909f56bfc062723c751e8b465ee728b)  -> (artifact id: '7f9be6c7770ff228b4f3fddece84b503') in 0.011559 seconds 
========================================================================
Received Import Request.
  Time since last request: 26.012668 seconds.
  path: Assets/Packages/Customizable Skybox/Materials
  artifactKey: Guid(ea580a49e393d474a8246aed4e6421fe) Importer(815301076,1909f56bfc062723c751e8b465ee728b)
Start importing Assets/Packages/Customizable Skybox/Materials using Guid(ea580a49e393d474a8246aed4e6421fe) Importer(815301076,1909f56bfc062723c751e8b465ee728b)  -> (artifact id: '5f5eb53e9e8d25d6ba740a0b3409a499') in 0.001940 seconds 
========================================================================
Received Import Request.
  Time since last request: 64.233058 seconds.
  path: Assets/Packages/Stylized Environnement - Free Pack/Materials/crystal_01_M.mat
  artifactKey: Guid(393305ce71db44faa9c0d249c1e64205) Importer(815301076,1909f56bfc062723c751e8b465ee728b)
Start importing Assets/Packages/Stylized Environnement - Free Pack/Materials/crystal_01_M.mat using Guid(393305ce71db44faa9c0d249c1e64205) Importer(815301076,1909f56bfc062723c751e8b465ee728b)  -> (artifact id: 'cdebbb69098db68e1ffc6b07e6983866') in 0.020371 seconds 
========================================================================
Received Import Request.
  Time since last request: 27.627196 seconds.
  path: Assets/Packages/Stylized Environnement - Free Pack/Scenes/SampleScene.unity
  artifactKey: Guid(9fc0d4010bbf28b4594072e72b8655ab) Importer(815301076,1909f56bfc062723c751e8b465ee728b)
Start importing Assets/Packages/Stylized Environnement - Free Pack/Scenes/SampleScene.unity using Guid(9fc0d4010bbf28b4594072e72b8655ab) Importer(815301076,1909f56bfc062723c751e8b465ee728b)  -> (artifact id: '9bed77eead0181c60060bd3b0464b65a') in 0.002821 seconds 
========================================================================
Received Import Request.
  Time since last request: 59.778993 seconds.
  path: Assets/Packages/Stylized Environnement - Free Pack/Textures/Crystal
  artifactKey: Guid(c1ccc731925f24b5abee815eb8bd4579) Importer(815301076,1909f56bfc062723c751e8b465ee728b)
Start importing Assets/Packages/Stylized Environnement - Free Pack/Textures/Crystal using Guid(c1ccc731925f24b5abee815eb8bd4579) Importer(815301076,1909f56bfc062723c751e8b465ee728b)  -> (artifact id: '356175c62f688383e729a73a7cfbcfe1') in 0.009109 seconds 
========================================================================
Received Import Request.
  Time since last request: 0.061900 seconds.
  path: Assets/Packages/Stylized Environnement - Free Pack/Textures/Crystal/crystal_01_LP_PolySphere1.001_AlbedoTransparency.png
  artifactKey: Guid(884eca3e21f1e440895002e5056b430b) Importer(815301076,1909f56bfc062723c751e8b465ee728b)
Start importing Assets/Packages/Stylized Environnement - Free Pack/Textures/Crystal/crystal_01_LP_PolySphere1.001_AlbedoTransparency.png using Guid(884eca3e21f1e440895002e5056b430b) Importer(815301076,1909f56bfc062723c751e8b465ee728b)  -> (artifact id: '30638addb4b5a5096b105935e380ae66') in 0.016179 seconds 
========================================================================
Received Import Request.
  Time since last request: 0.000029 seconds.
  path: Assets/Packages/Stylized Environnement - Free Pack/Textures/Crystal/crystal_01_LP_textureSet_Metallic.png
  artifactKey: Guid(20e18aa5c290744f0ba0989163af8828) Importer(815301076,1909f56bfc062723c751e8b465ee728b)
Start importing Assets/Packages/Stylized Environnement - Free Pack/Textures/Crystal/crystal_01_LP_textureSet_Metallic.png using Guid(20e18aa5c290744f0ba0989163af8828) Importer(815301076,1909f56bfc062723c751e8b465ee728b)  -> (artifact id: '3e1811265b6d5f26b267ba75d3011e90') in 0.015607 seconds 
========================================================================
Received Import Request.
  Time since last request: 36.105300 seconds.
  path: Assets/Scenes/PPProfiles
  artifactKey: Guid(353e2d680f9a8ab4abe160d66eb1568e) Importer(815301076,1909f56bfc062723c751e8b465ee728b)
Start importing Assets/Scenes/PPProfiles using Guid(353e2d680f9a8ab4abe160d66eb1568e) Importer(815301076,1909f56bfc062723c751e8b465ee728b)  -> (artifact id: 'a2fd4a8bed7b1ef4c4fa66db46e39ae2') in 0.002334 seconds 
========================================================================
Received Import Request.
  Time since last request: 16.188495 seconds.
  path: Assets/Packages/Stylized Environnement - Free Pack/READ ME.pdf
  artifactKey: Guid(7249ac11136a64342a92f12c849d0a8a) Importer(815301076,1909f56bfc062723c751e8b465ee728b)
Start importing Assets/Packages/Stylized Environnement - Free Pack/READ ME.pdf using Guid(7249ac11136a64342a92f12c849d0a8a) Importer(815301076,1909f56bfc062723c751e8b465ee728b)  -> (artifact id: '0d8c9b40bdce63ce294c192b00e089b5') in 0.002845 seconds 
========================================================================
Received Import Request.
  Time since last request: 125.846573 seconds.
  path: Assets/Documents
  artifactKey: Guid(8bfd7617e2e1b954589abe88339a8e4c) Importer(815301076,1909f56bfc062723c751e8b465ee728b)
Start importing Assets/Documents using Guid(8bfd7617e2e1b954589abe88339a8e4c) Importer(815301076,1909f56bfc062723c751e8b465ee728b)  -> (artifact id: 'f71cb843c70517beec9c4c558ef5baf0') in 0.002469 seconds 
========================================================================
Received Import Request.
  Time since last request: 8059.173927 seconds.
  path: Assets/Prefabs/Enviroment Prefabs/grass01.prefab
  artifactKey: Guid(b48086d9f175aa34b947a21c8056c3d2) Importer(815301076,1909f56bfc062723c751e8b465ee728b)
Start importing Assets/Prefabs/Enviroment Prefabs/grass01.prefab using Guid(b48086d9f175aa34b947a21c8056c3d2) Importer(815301076,1909f56bfc062723c751e8b465ee728b)  -> (artifact id: '9130c2cb5ed6cb7a70bbc4bfabe3084f') in 0.138976 seconds 
========================================================================
Received Import Request.
  Time since last request: 5.694928 seconds.
  path: Assets/Prefabs/Enviroment Prefabs/Background.prefab
  artifactKey: Guid(2eb877a3be23f6a4ea19ab5aa204baa0) Importer(815301076,1909f56bfc062723c751e8b465ee728b)
Start importing Assets/Prefabs/Enviroment Prefabs/Background.prefab using Guid(2eb877a3be23f6a4ea19ab5aa204baa0) Importer(815301076,1909f56bfc062723c751e8b465ee728b)  -> (artifact id: 'ebc9e30904d160121a96af53dae70e46') in 0.258990 seconds 
========================================================================
Received Import Request.
  Time since last request: 12.879793 seconds.
  path: Assets/Prefabs/Enviroment Prefabs/RockBackground.prefab
  artifactKey: Guid(2eb877a3be23f6a4ea19ab5aa204baa0) Importer(815301076,1909f56bfc062723c751e8b465ee728b)
Start importing Assets/Prefabs/Enviroment Prefabs/RockBackground.prefab using Guid(2eb877a3be23f6a4ea19ab5aa204baa0) Importer(815301076,1909f56bfc062723c751e8b465ee728b)  -> (artifact id: 'c4514367c1835c0eb77062d15cb69832') in 0.071253 seconds 
========================================================================
Received Import Request.
  Time since last request: 17.050530 seconds.
  path: Assets/Prefabs/Enviroment Prefabs/RockBackground.prefab
  artifactKey: Guid(2eb877a3be23f6a4ea19ab5aa204baa0) Importer(815301076,1909f56bfc062723c751e8b465ee728b)
Start importing Assets/Prefabs/Enviroment Prefabs/RockBackground.prefab using Guid(2eb877a3be23f6a4ea19ab5aa204baa0) Importer(815301076,1909f56bfc062723c751e8b465ee728b)  -> (artifact id: '6bf4612d0b6695a838a185752322c459') in 0.046809 seconds 
========================================================================
Received Import Request.
  Time since last request: 5.000339 seconds.
  path: Assets/Prefabs/Enviroment Prefabs/RockBackground.prefab
  artifactKey: Guid(2eb877a3be23f6a4ea19ab5aa204baa0) Importer(815301076,1909f56bfc062723c751e8b465ee728b)
Start importing Assets/Prefabs/Enviroment Prefabs/RockBackground.prefab using Guid(2eb877a3be23f6a4ea19ab5aa204baa0) Importer(815301076,1909f56bfc062723c751e8b465ee728b)  -> (artifact id: 'f67e03a43e797570bfadfa91ba29e8cf') in 0.041454 seconds 
========================================================================
Received Import Request.
  Time since last request: 8.077551 seconds.
  path: Assets/Prefabs/Enviroment Prefabs/RockBackground.prefab
  artifactKey: Guid(2eb877a3be23f6a4ea19ab5aa204baa0) Importer(815301076,1909f56bfc062723c751e8b465ee728b)
Start importing Assets/Prefabs/Enviroment Prefabs/RockBackground.prefab using Guid(2eb877a3be23f6a4ea19ab5aa204baa0) Importer(815301076,1909f56bfc062723c751e8b465ee728b)  -> (artifact id: 'b2d6468437a99bf80a8e47225c02d28c') in 0.052517 seconds 
========================================================================
Received Import Request.
  Time since last request: 1.966326 seconds.
  path: Assets/Prefabs/Enviroment Prefabs/RockBackground.prefab
  artifactKey: Guid(2eb877a3be23f6a4ea19ab5aa204baa0) Importer(815301076,1909f56bfc062723c751e8b465ee728b)
Start importing Assets/Prefabs/Enviroment Prefabs/RockBackground.prefab using Guid(2eb877a3be23f6a4ea19ab5aa204baa0) Importer(815301076,1909f56bfc062723c751e8b465ee728b)  -> (artifact id: '6c81b33c142b25ef138971b6512ba571') in 0.046130 seconds 
========================================================================
Received Import Request.
  Time since last request: 2.404437 seconds.
  path: Assets/Prefabs/Enviroment Prefabs/RockBackground.prefab
  artifactKey: Guid(2eb877a3be23f6a4ea19ab5aa204baa0) Importer(815301076,1909f56bfc062723c751e8b465ee728b)
Start importing Assets/Prefabs/Enviroment Prefabs/RockBackground.prefab using Guid(2eb877a3be23f6a4ea19ab5aa204baa0) Importer(815301076,1909f56bfc062723c751e8b465ee728b)  -> (artifact id: 'c6695311e346928d7141a9c0e84e8f7c') in 0.045311 seconds 
========================================================================
Received Import Request.
  Time since last request: 2.158157 seconds.
  path: Assets/Prefabs/Enviroment Prefabs/RockBackground.prefab
  artifactKey: Guid(2eb877a3be23f6a4ea19ab5aa204baa0) Importer(815301076,1909f56bfc062723c751e8b465ee728b)
Start importing Assets/Prefabs/Enviroment Prefabs/RockBackground.prefab using Guid(2eb877a3be23f6a4ea19ab5aa204baa0) Importer(815301076,1909f56bfc062723c751e8b465ee728b)  -> (artifact id: 'cc97b5ce22302a67cd9c0917ff06b04f') in 0.051399 seconds 
========================================================================
Received Import Request.
  Time since last request: 0.728574 seconds.
  path: Assets/Prefabs/Enviroment Prefabs/RockBackground.prefab
  artifactKey: Guid(2eb877a3be23f6a4ea19ab5aa204baa0) Importer(815301076,1909f56bfc062723c751e8b465ee728b)
Start importing Assets/Prefabs/Enviroment Prefabs/RockBackground.prefab using Guid(2eb877a3be23f6a4ea19ab5aa204baa0) Importer(815301076,1909f56bfc062723c751e8b465ee728b)  -> (artifact id: '561e086c2216895b321878336bb07bfb') in 0.045659 seconds 
========================================================================
Received Import Request.
  Time since last request: 2.003602 seconds.
  path: Assets/Prefabs/Enviroment Prefabs/RockBackground.prefab
  artifactKey: Guid(2eb877a3be23f6a4ea19ab5aa204baa0) Importer(815301076,1909f56bfc062723c751e8b465ee728b)
Start importing Assets/Prefabs/Enviroment Prefabs/RockBackground.prefab using Guid(2eb877a3be23f6a4ea19ab5aa204baa0) Importer(815301076,1909f56bfc062723c751e8b465ee728b)  -> (artifact id: 'd8dbe6335c90a8f7d90f8118a09bae27') in 0.044053 seconds 
========================================================================
Received Import Request.
  Time since last request: 5.796580 seconds.
  path: Assets/Prefabs/Enviroment Prefabs/RockBackground.prefab
  artifactKey: Guid(2eb877a3be23f6a4ea19ab5aa204baa0) Importer(815301076,1909f56bfc062723c751e8b465ee728b)
Start importing Assets/Prefabs/Enviroment Prefabs/RockBackground.prefab using Guid(2eb877a3be23f6a4ea19ab5aa204baa0) Importer(815301076,1909f56bfc062723c751e8b465ee728b)  -> (artifact id: '17ea5177bce7da9bf771d34faedc77fb') in 0.037752 seconds 
========================================================================
Received Import Request.
  Time since last request: 5.813707 seconds.
  path: Assets/Prefabs/Enviroment Prefabs/RockBackground.prefab
  artifactKey: Guid(2eb877a3be23f6a4ea19ab5aa204baa0) Importer(815301076,1909f56bfc062723c751e8b465ee728b)
Start importing Assets/Prefabs/Enviroment Prefabs/RockBackground.prefab using Guid(2eb877a3be23f6a4ea19ab5aa204baa0) Importer(815301076,1909f56bfc062723c751e8b465ee728b)  -> (artifact id: 'f332fb9fa2487a7549a52112aa7cd83e') in 0.040486 seconds 
========================================================================
Received Import Request.
  Time since last request: 12.846918 seconds.
  path: Assets/Prefabs/Enviroment Prefabs/RockBackground.prefab
  artifactKey: Guid(2eb877a3be23f6a4ea19ab5aa204baa0) Importer(815301076,1909f56bfc062723c751e8b465ee728b)
Start importing Assets/Prefabs/Enviroment Prefabs/RockBackground.prefab using Guid(2eb877a3be23f6a4ea19ab5aa204baa0) Importer(815301076,1909f56bfc062723c751e8b465ee728b)  -> (artifact id: '40b22de4c85d048e59fba3cb7383eb15') in 0.045804 seconds 
========================================================================
Received Import Request.
  Time since last request: 5.619303 seconds.
  path: Assets/Prefabs/Enviroment Prefabs/RockBackground.prefab
  artifactKey: Guid(2eb877a3be23f6a4ea19ab5aa204baa0) Importer(815301076,1909f56bfc062723c751e8b465ee728b)
Start importing Assets/Prefabs/Enviroment Prefabs/RockBackground.prefab using Guid(2eb877a3be23f6a4ea19ab5aa204baa0) Importer(815301076,1909f56bfc062723c751e8b465ee728b)  -> (artifact id: '03831038218d0eb68e7bd130fb5b9cb7') in 0.052179 seconds 
========================================================================
Received Import Request.
  Time since last request: 1.566778 seconds.
  path: Assets/Prefabs/Enviroment Prefabs/RockBackground.prefab
  artifactKey: Guid(2eb877a3be23f6a4ea19ab5aa204baa0) Importer(815301076,1909f56bfc062723c751e8b465ee728b)
Start importing Assets/Prefabs/Enviroment Prefabs/RockBackground.prefab using Guid(2eb877a3be23f6a4ea19ab5aa204baa0) Importer(815301076,1909f56bfc062723c751e8b465ee728b)  -> (artifact id: '990c71be5b6da586307725781aedf5af') in 0.048348 seconds 
========================================================================
Received Import Request.
  Time since last request: 1.596425 seconds.
  path: Assets/Prefabs/Enviroment Prefabs/RockBackground.prefab
  artifactKey: Guid(2eb877a3be23f6a4ea19ab5aa204baa0) Importer(815301076,1909f56bfc062723c751e8b465ee728b)
Start importing Assets/Prefabs/Enviroment Prefabs/RockBackground.prefab using Guid(2eb877a3be23f6a4ea19ab5aa204baa0) Importer(815301076,1909f56bfc062723c751e8b465ee728b)  -> (artifact id: 'a931a210102619cbb38d302976aff372') in 0.053515 seconds 
========================================================================
Received Import Request.
  Time since last request: 0.736382 seconds.
  path: Assets/Prefabs/Enviroment Prefabs/RockBackground.prefab
  artifactKey: Guid(2eb877a3be23f6a4ea19ab5aa204baa0) Importer(815301076,1909f56bfc062723c751e8b465ee728b)
Start importing Assets/Prefabs/Enviroment Prefabs/RockBackground.prefab using Guid(2eb877a3be23f6a4ea19ab5aa204baa0) Importer(815301076,1909f56bfc062723c751e8b465ee728b)  -> (artifact id: '4576eab46d62cd40cf680c4726799dd5') in 0.044638 seconds 
========================================================================
Received Import Request.
  Time since last request: 1.190729 seconds.
  path: Assets/Prefabs/Enviroment Prefabs/RockBackground.prefab
  artifactKey: Guid(2eb877a3be23f6a4ea19ab5aa204baa0) Importer(815301076,1909f56bfc062723c751e8b465ee728b)
Start importing Assets/Prefabs/Enviroment Prefabs/RockBackground.prefab using Guid(2eb877a3be23f6a4ea19ab5aa204baa0) Importer(815301076,1909f56bfc062723c751e8b465ee728b)  -> (artifact id: 'aef36dd3f1754e4e32de833d9c50a1df') in 0.049760 seconds 
========================================================================
Received Import Request.
  Time since last request: 0.991054 seconds.
  path: Assets/Prefabs/Enviroment Prefabs/RockBackground.prefab
  artifactKey: Guid(2eb877a3be23f6a4ea19ab5aa204baa0) Importer(815301076,1909f56bfc062723c751e8b465ee728b)
Start importing Assets/Prefabs/Enviroment Prefabs/RockBackground.prefab using Guid(2eb877a3be23f6a4ea19ab5aa204baa0) Importer(815301076,1909f56bfc062723c751e8b465ee728b)  -> (artifact id: '4bfb1fdae29cc7e7c578c78c38626eb1') in 0.050121 seconds 
========================================================================
Received Import Request.
  Time since last request: 1.144700 seconds.
  path: Assets/Prefabs/Enviroment Prefabs/RockBackground.prefab
  artifactKey: Guid(2eb877a3be23f6a4ea19ab5aa204baa0) Importer(815301076,1909f56bfc062723c751e8b465ee728b)
Start importing Assets/Prefabs/Enviroment Prefabs/RockBackground.prefab using Guid(2eb877a3be23f6a4ea19ab5aa204baa0) Importer(815301076,1909f56bfc062723c751e8b465ee728b)  -> (artifact id: '1ea3ad5829804a831ec105eca31e3da1') in 0.047318 seconds 
========================================================================
Received Import Request.
  Time since last request: 19.553621 seconds.
  path: Assets/Prefabs/Enviroment Prefabs/RockBackground.prefab
  artifactKey: Guid(2eb877a3be23f6a4ea19ab5aa204baa0) Importer(815301076,1909f56bfc062723c751e8b465ee728b)
Start importing Assets/Prefabs/Enviroment Prefabs/RockBackground.prefab using Guid(2eb877a3be23f6a4ea19ab5aa204baa0) Importer(815301076,1909f56bfc062723c751e8b465ee728b)  -> (artifact id: '90c01d2957629b78c2ddec9705904f12') in 0.043151 seconds 
========================================================================
Received Import Request.
  Time since last request: 5.200230 seconds.
  path: Assets/Prefabs/Enviroment Prefabs/RockBackground.prefab
  artifactKey: Guid(2eb877a3be23f6a4ea19ab5aa204baa0) Importer(815301076,1909f56bfc062723c751e8b465ee728b)
Start importing Assets/Prefabs/Enviroment Prefabs/RockBackground.prefab using Guid(2eb877a3be23f6a4ea19ab5aa204baa0) Importer(815301076,1909f56bfc062723c751e8b465ee728b)  -> (artifact id: 'a6d927bcd860bd23cdba9191b23bf4b7') in 0.041946 seconds 
========================================================================
Received Import Request.
  Time since last request: 1.797344 seconds.
  path: Assets/Prefabs/Enviroment Prefabs/RockBackground.prefab
  artifactKey: Guid(2eb877a3be23f6a4ea19ab5aa204baa0) Importer(815301076,1909f56bfc062723c751e8b465ee728b)
Start importing Assets/Prefabs/Enviroment Prefabs/RockBackground.prefab using Guid(2eb877a3be23f6a4ea19ab5aa204baa0) Importer(815301076,1909f56bfc062723c751e8b465ee728b)  -> (artifact id: '4b8e6a3715ab448b70783fc857b09329') in 0.041143 seconds 
========================================================================
Received Import Request.
  Time since last request: 6.614560 seconds.
  path: Assets/Prefabs/Enviroment Prefabs/RockBackground.prefab
  artifactKey: Guid(2eb877a3be23f6a4ea19ab5aa204baa0) Importer(815301076,1909f56bfc062723c751e8b465ee728b)
Start importing Assets/Prefabs/Enviroment Prefabs/RockBackground.prefab using Guid(2eb877a3be23f6a4ea19ab5aa204baa0) Importer(815301076,1909f56bfc062723c751e8b465ee728b)  -> (artifact id: '68accd1c51ba298fcc864a5ad479a80f') in 0.043490 seconds 
========================================================================
Received Import Request.
  Time since last request: 4.188457 seconds.
  path: Assets/Prefabs/Enviroment Prefabs/RockBackground.prefab
  artifactKey: Guid(2eb877a3be23f6a4ea19ab5aa204baa0) Importer(815301076,1909f56bfc062723c751e8b465ee728b)
Start importing Assets/Prefabs/Enviroment Prefabs/RockBackground.prefab using Guid(2eb877a3be23f6a4ea19ab5aa204baa0) Importer(815301076,1909f56bfc062723c751e8b465ee728b)  -> (artifact id: '41f32a375aca0273f1008d402908c868') in 0.040638 seconds 
========================================================================
Received Import Request.
  Time since last request: 8.053948 seconds.
  path: Assets/Prefabs/Enviroment Prefabs/RockBackground.prefab
  artifactKey: Guid(2eb877a3be23f6a4ea19ab5aa204baa0) Importer(815301076,1909f56bfc062723c751e8b465ee728b)
Start importing Assets/Prefabs/Enviroment Prefabs/RockBackground.prefab using Guid(2eb877a3be23f6a4ea19ab5aa204baa0) Importer(815301076,1909f56bfc062723c751e8b465ee728b)  -> (artifact id: 'aed71792e7e96af061f707b39dd534e5') in 0.045530 seconds 
========================================================================
Received Prepare
Registering precompiled user dll's ...
Registered in 0.006704 seconds.
Begin MonoManager ReloadAssembly
Symbol file LoadedFromMemory doesn't match image C:\Users\Josh\Planet Zog\Library\PackageCache\com.unity.visualscripting@1.7.5\Editor\VisualScripting.Core\Dependencies\YamlDotNet\Unity.VisualScripting.YamlDotNet.dll
Symbol file LoadedFromMemory doesn't match image C:\Users\Josh\Planet Zog\Library\PackageCache\com.unity.visualscripting@1.7.5\Editor\VisualScripting.Core\Dependencies\DotNetZip\Unity.VisualScripting.IonicZip.dll
Native extension for WindowsStandalone target not found
Refreshing native plugins compatible for Editor in 1.04 ms, found 3 plugins.
Preloading 0 native plugins for Editor in 0.00 ms.
Mono: successfully reloaded assembly
- Completed reload, in  1.839 seconds
Domain Reload Profiling:
	ReloadAssembly (1843ms)
		BeginReloadAssembly (558ms)
			ExecutionOrderSort (0ms)
			DisableScriptedObjects (33ms)
			BackupInstance (0ms)
			ReleaseScriptingObjects (0ms)
			CreateAndSetChildDomain (264ms)
		EndReloadAssembly (1157ms)
			LoadAssemblies (138ms)
			RebuildTransferFunctionScriptingTraits (0ms)
			SetupTypeCache (346ms)
			ReleaseScriptCaches (2ms)
			RebuildScriptCaches (53ms)
			SetupLoadedEditorAssemblies (440ms)
				LogAssemblyErrors (0ms)
				InitializePlatformSupportModulesInManaged (16ms)
				SetLoadedEditorAssemblies (1ms)
				RefreshPlugins (1ms)
				BeforeProcessingInitializeOnLoad (83ms)
				ProcessInitializeOnLoadAttributes (296ms)
				ProcessInitializeOnLoadMethodAttributes (33ms)
				AfterProcessingInitializeOnLoad (10ms)
				EditorAssembliesLoaded (0ms)
			ExecutionOrderSort2 (0ms)
			AwakeInstancesAfterBackupRestoration (16ms)
Platform modules already initialized, skipping
Refreshing native plugins compatible for Editor in 1.05 ms, found 3 plugins.
Preloading 0 native plugins for Editor in 0.00 ms.
Unloading 3475 Unused Serialized files (Serialized files now loaded: 0)
Unloading 36 unused Assets / (1.4 MB). Loaded Objects now: 4076.
Memory consumption went from 144.3 MB to 142.9 MB.
Total: 3.895600 ms (FindLiveObjects: 0.320400 ms CreateObjectMapping: 0.186100 ms MarkObjects: 3.126000 ms  DeleteObjects: 0.262000 ms)

AssetImportParameters requested are different than current active one (requested -> active):
  custom:video-decoder-ogg-theora: a1e56fd34408186e4bbccfd4996cb3dc -> 
  custom:container-muxer-webm: aa71ff27fc2769a1b78a27578f13a17b -> 
  custom:container-demuxer-webm: 4f35f7cbe854078d1ac9338744f61a02 -> 
  custom:video-encoder-webm-vp8: eb34c28f22e8b96e1ab97ce403110664 -> 
  custom:audio-encoder-webm-vorbis: bf7c407c2cedff20999df2af8eb42d56 -> 
  custom:framework-win-MediaFoundation: 216162199b28c13a410421893ffa2e32 -> 
  custom:container-demuxer-ogg: 62fdf1f143b41e24485cea50d1cbac27 -> 
  custom:video-decoder-webm-vp8: 9c59270c3fd7afecdb556c50c9e8de78 -> 
  custom:audio-decoder-ogg-vorbis: bf7c407c2cedff20999df2af8eb42d56 -> 
========================================================================
Received Prepare
Refreshing native plugins compatible for Editor in 5.54 ms, found 3 plugins.
Preloading 0 native plugins for Editor in 0.00 ms.
Unloading 33 Unused Serialized files (Serialized files now loaded: 0)
Unloading 33 unused Assets / (1.4 MB). Loaded Objects now: 4076.
Memory consumption went from 75.3 MB to 73.9 MB.
Total: 230.951400 ms (FindLiveObjects: 0.790900 ms CreateObjectMapping: 0.225300 ms MarkObjects: 229.533100 ms  DeleteObjects: 0.401000 ms)

AssetImportParameters requested are different than current active one (requested -> active):
  custom:video-decoder-ogg-theora: a1e56fd34408186e4bbccfd4996cb3dc -> 
  custom:container-muxer-webm: aa71ff27fc2769a1b78a27578f13a17b -> 
  custom:container-demuxer-webm: 4f35f7cbe854078d1ac9338744f61a02 -> 
  custom:video-encoder-webm-vp8: eb34c28f22e8b96e1ab97ce403110664 -> 
  custom:audio-encoder-webm-vorbis: bf7c407c2cedff20999df2af8eb42d56 -> 
  custom:framework-win-MediaFoundation: 216162199b28c13a410421893ffa2e32 -> 
  custom:container-demuxer-ogg: 62fdf1f143b41e24485cea50d1cbac27 -> 
  custom:video-decoder-webm-vp8: 9c59270c3fd7afecdb556c50c9e8de78 -> 
  custom:audio-decoder-ogg-vorbis: bf7c407c2cedff20999df2af8eb42d56 -> 
